Added Component: Designator=J2(FFC2B35-22-G)
Add component (AddParameter): Name = "ComponentLink1Description"; Value = "https://datasheet.octopart.com/FFC2B35-22-G-Global-Connector-Technology-datasheet-91940692.pdf?src-supplier=Farnell"; VariantName = "[No Variations]"
Add component (AddParameter): Name = "ComponentLink1URL"; Value = "https://datasheet.octopart.com/FFC2B35-22-G-Global-Connector-Technology-datasheet-91940692.pdf?src-supplier=Farnell"; VariantName = "[No Variations]"
Add component (AddParameter): Name = "ComponentLink2Description"; Value = "https://datasheet.octopart.com/FFC2B35-22-G-Global-Connector-Technology-datasheet-91940692.pdf?src-supplier=Sager+Electronics"; VariantName = "[No Variations]"
Add component (AddParameter): Name = "ComponentLink2URL"; Value = "https://datasheet.octopart.com/FFC2B35-22-G-Global-Connector-Technology-datasheet-91940692.pdf?src-supplier=Sager+Electronics"; VariantName = "[No Variations]"
Add component (AddParameter): Name = "Manufacturer"; Value = "Global Connector Technology"; VariantName = "[No Variations]"
Add component (AddParameter): Name = "Manufacturer Part Number"; Value = "FFC2B35-22-G"; VariantName = "[No Variations]"
Add component (AddParameter): Name = "Pricing"; Value = "1=0.54, 10=0.455, 25=0.4268, 50=0.4064, 100=0.387, 250=0.36268, 500=0.34534, 1000=0.32885 (USD)"; VariantName = "[No Variations]"
Add component (AddParameter): Name = "RoHS"; Value = "No"; VariantName = "[No Variations]"
Add component (AddParameter): Name = "Stock"; Value = "2303"; VariantName = "[No Variations]"
Add component (AddParameter): Name = "Supplier"; Value = "Digikey"; VariantName = "[No Variations]"
Add component (AddParameter): Name = "Supplier 1"; Value = "Digikey"; VariantName = "[No Variations]"
Add component (AddParameter): Name = "Supplier Part Number"; Value = "2073-FFC2B35-22-GCT-ND"; VariantName = "[No Variations]"
Add component (AddParameter): Name = "Supplier Part Number 1"; Value = "2073-FFC2B35-22-GDKR-ND"; VariantName = "[No Variations]"
Add Pin To Net: Unknown Pin: Pin C10-1
Add Pin To Net: Unknown Pin: Pin C10-2
Add Pin To Net: Unknown Pin: Pin C14-1
Add Pin To Net: Unknown Pin: Pin C14-2
Add Net: Net with name "Bat" already exists
Add Class Member: Failed to add class member : Component C10 Capacitor
Add Class Member: Failed to add class member : Component C14 Capacitor
Added Member To Class: ClassName=Main Member=Component J2 FFC2B35-22-G
