Added Component: Designator=U?(MAXM-S8+2_L)
Add component (AddParameter): Name = "Code_JEDEC"; Value = "MS012"; VariantName = "[No Variations]"
Add component (AddParameter): Name = "ComponentLink1Description"; Value = "Manufacturer URL"; VariantName = "[No Variations]"
Add component (AddParameter): Name = "ComponentLink1URL"; Value = "http://www.maximintegrated.com/"; VariantName = "[No Variations]"
Add component (AddParameter): Name = "ComponentLink2Description"; Value = "Datasheet"; VariantName = "[No Variations]"
Add component (AddParameter): Name = "ComponentLink2URL"; Value = "http://datasheets.maximintegrated.com/en/ds/MAX7500-MAX7504.pdf"; VariantName = "[No Variations]"
Add component (AddParameter): Name = "ComponentLink3Description"; Value = "Package Specification"; VariantName = "[No Variations]"
Add component (AddParameter): Name = "ComponentLink3URL"; Value = "http://pdfserv.maximintegrated.com/package_dwgs/21-0041.PDF"; VariantName = "[No Variations]"
Add component (AddParameter): Name = "DatasheetVersion"; Value = "Rev. 4"; VariantName = "[No Variations]"
Add component (AddParameter): Name = "Generic Part Number"; Value = "MAX7500"; VariantName = "[No Variations]"
Add component (AddParameter): Name = "Interface"; Value = "2-Wire/I2C/SMBus"; VariantName = "[No Variations]"
Add component (AddParameter): Name = "Mounting Technology"; Value = "Surface Mount"; VariantName = "[No Variations]"
Add component (AddParameter): Name = "Multi Droppable"; Value = "Yes"; VariantName = "[No Variations]"
Add component (AddParameter): Name = "PackageDescription"; Value = "8-Pin Small-Outline IC, Narrow (0.15in) (S8+2), Body 4.90 x 3.90 mm, Pitch 1.27 mm"; VariantName = "[No Variations]"
Add component (AddParameter): Name = "PackageReference"; Value = "S8+2"; VariantName = "[No Variations]"
Add component (AddParameter): Name = "PackageVersion"; Value = "Rev. D, 10/2012"; VariantName = "[No Variations]"
Add component (AddParameter): Name = "Packing"; Value = "Tape and Reel"; VariantName = "[No Variations]"
Add component (AddParameter): Name = "Parasite Pwr."; Value = "No"; VariantName = "[No Variations]"
Add component (AddParameter): Name = "PartNumber"; Value = "MAX7500MSA+T"; VariantName = "[No Variations]"
Added Pin To Net: NetName=GND Pin=U4-1
Added Pin To Net: NetName=I2C3_SDA Pin=U?-1
Added Pin To Net: NetName=I2C3_SCL Pin=U?-2
Added Pin To Net: NetName=GND Pin=U?-4
Added Pin To Net: NetName=GND Pin=U?-5
Added Pin To Net: NetName=GND Pin=U?-6
Added Pin To Net: NetName=GND Pin=U?-7
Added Pin To Net: NetName=VDD Pin=U?-8
Added Member To Class: ClassName=Main Member=Component U? MAX7500MSA+T
