Removed Pin From Net: NetName=+5V Pin=C6-1
Removed Pin From Net: NetName=GND Pin=C6-2
Removed Pin From Net: NetName=3V3 Pin=C7-1
Removed Pin From Net: NetName=GND Pin=C7-2
Removed Pin From Net: NetName=+5V Pin=U4-1
Removed Pin From Net: NetName=GND Pin=U4-2
Removed Pin From Net: NetName=+5V Pin=U4-3
Removed Pin From Net: NetName=3V3 Pin=U4-5
Removed Member From Class: ClassName=PPG Member=C6
Removed Member From Class: ClassName=PPG Member=C7
Removed Member From Class: ClassName=PPG Member=U4
Change Component Footprint: Designator=U4 Old Footprint=296-38557-1-ND New Footprint=FP-LGA-14L-DM00249496-MFG
Change Component Comment : Designator=U4 Old Comment=LP5907MFX-3.3/NOPB New Comment=LSM6DSLTR
Change Managed Component Library Link : Designator=U4 Old VaultGUID= New VaultGUID=B7D15EC3-160A-466F-A46C-7801FE6295A7 Old ItemGUID= New ItemGUID=66EC3257-6A58-4390-B813-1958BC8BF888 Old RevisionGUID= New RevisionGUID=7969CDB6-8AD2-4F28-B31E-4CF4323C7746
Change component parameters: Designator = "U4" ("U4"); Footprint = "296-38557-1-ND"; UniqueID = "\RYIUSGPP" ("\RYIUSGPP")
Change component parameters (AddParameter): Name = "Accel Range"; Value = "2/4/8/16g"; VariantName = "[No Variations]"
Change component parameters (AddParameter): Name = "Automotive"; Value = "No"; VariantName = "[No Variations]"
Change component parameters (AddParameter): Name = "Category"; Value = "IC"; VariantName = "[No Variations]"
Change component parameters (AddParameter): Name = "ComponentLink2Description"; Value = "Datasheet"; VariantName = "[No Variations]"
Change component parameters (AddParameter): Name = "ComponentLink2URL"; Value = "https://www.st.com/resource/en/datasheet/lsm6dsl.pdf"; VariantName = "[No Variations]"
Change component parameters (AddParameter): Name = "Device Class L1"; Value = "Sensors"; VariantName = "[No Variations]"
Change component parameters (AddParameter): Name = "Device Class L2"; Value = "Motion Sensors"; VariantName = "[No Variations]"
Change component parameters (AddParameter): Name = "Device Class L3"; Value = "Inertial Measurement Units (IMUs)"; VariantName = "[No Variations]"
Change component parameters (AddParameter): Name = "Digikey Description"; Value = "IMU ACCEL/GYRO I2C/SPI 14LGA"; VariantName = "[No Variations]"
Change component parameters (AddParameter): Name = "Footprint Url"; Value = "https://www.st.com/resource/en/technical_note/cd00134799.pdf"; VariantName = "[No Variations]"
Change component parameters (AddParameter): Name = "Gyro Range"; Value = "125/250/500/1000/2000°/s"; VariantName = "[No Variations]"
Change component parameters (AddParameter): Name = "Height"; Value = "0.86mm"; VariantName = "[No Variations]"
Change component parameters (AddParameter): Name = "Lead Free"; Value = "Yes"; VariantName = "[No Variations]"
Change component parameters (AddParameter): Name = "Manufacturer"; Value = "STMicroelectronics"; VariantName = "[No Variations]"
Change component parameters (AddParameter): Name = "Manufacturer Part Number"; Value = "LSM6DSLTR"; VariantName = "[No Variations]"
Change component parameters (AddParameter): Name = "Max Supply Voltage"; Value = "3.6V"; VariantName = "[No Variations]"
Change component parameters (AddParameter): Name = "Min Supply Voltage"; Value = "1.62V"; VariantName = "[No Variations]"
Change component parameters (AddParameter): Name = "Mouser Description"; Value = "iNEMO inertial module: always-on 3D accelerometer and 3D gyroscope"; VariantName = "[No Variations]"
Change component parameters (AddParameter): Name = "Octopart"; Value = "https://octopart.com/lsm6dsltr-stmicroelectronics-66358193"; VariantName = "[No Variations]"
Change component parameters (AddParameter): Name = "Operating Supply Current"; Value = "0.29-0.65mA"; VariantName = "[No Variations]"
Change component parameters (AddParameter): Name = "Package"; Value = "LGA-14L-DM00249496"; VariantName = "[No Variations]"
Change component parameters (AddParameter): Name = "Resolution"; Value = "16bits"; VariantName = "[No Variations]"
Change component parameters (AddParameter): Name = "RoHS"; Value = "TRUE"; VariantName = "[No Variations]"
Change component parameters (AddParameter): Name = "Sensor Output"; Value = "I2C,SPI"; VariantName = "[No Variations]"
Change component parameters (AddParameter): Name = "Sensor Type"; Value = "Temperature,Accelerometer,Gyroscope"; VariantName = "[No Variations]"
Change component parameters (AddParameter): Name = "Temperature"; Value = "-40°C to +85°C"; VariantName = "[No Variations]"
Change component parameters (AddParameter): Name = "Temperature Range High"; Value = "+85°C"; VariantName = "[No Variations]"
Change component parameters (AddParameter): Name = "Temperature Range Low"; Value = "-40°C"; VariantName = "[No Variations]"
Added Pin To Net: NetName=GPIO1 Pin=U1-36
Added Pin To Net: NetName=GPIO0 Pin=U1-38
Added Pin To Net: NetName=I2C3_SCL Pin=U2-27
Added Pin To Net: NetName=I2C3_SDA Pin=U2-28
Added Pin To Net: NetName=VDD Pin=U4-5
Added Pin To Net: NetName=GND Pin=U4-6
Added Pin To Net: NetName=GND Pin=U4-7
Added Pin To Net: NetName=VDD Pin=U4-8
Added Pin To Net: NetName=I2C3_SCL Pin=U4-13
Added Pin To Net: NetName=I2C3_SDA Pin=U4-14
Added Pin To Net: NetName=MPUInt1 Pin=U4-4
Added Net: Name=MPUInt1
Added Pin To Net: NetName=MPUInt2 Pin=U4-9
Added Net: Name=MPUInt2
Added Pin To Net: NetName=SCK Pin=U1-26
Added Net: Name=SCK
Added Pin To Net: NetName=SWDIO Pin=U1-25
Added Net: Name=SWDIO
Added Member To Class: ClassName=Main Member=Component U4 LSM6DSLTR
