Added Component: Designator=D1(FP-SFH_2704-MFG)
Add component (AddParameter): Name = "Case/Package"; Value = "SMD/SMT"; VariantName = "[No Variations]"
Add component (AddParameter): Name = "Category"; Value = "Photodiodes"; VariantName = "[No Variations]"
Add component (AddParameter): Name = "ComponentLink1Description"; Value = "https://media.digikey.com/pdf/Data%20Sheets/Osram%20PDFs/SFH_2704_v0.0_9-12-18.pdf?src-supplier=Digikey"; VariantName = "[No Variations]"
Add component (AddParameter): Name = "ComponentLink1URL"; Value = "https://media.digikey.com/pdf/Data%20Sheets/Osram%20PDFs/SFH_2704_v0.0_9-12-18.pdf?src-supplier=Digikey"; VariantName = "[No Variations]"
Add component (AddParameter): Name = "ComponentLink2Description"; Value = "http://datasheet.octopart.com/SFH-2704-Osram-Opto-datasheet-142374394.pdf?src-supplier=Rs"; VariantName = "[No Variations]"
Add component (AddParameter): Name = "ComponentLink2URL"; Value = "http://datasheet.octopart.com/SFH-2704-Osram-Opto-datasheet-142374394.pdf?src-supplier=Rs"; VariantName = "[No Variations]"
Add component (AddParameter): Name = "Dark Current"; Value = "100pA"; VariantName = "[No Variations]"
Add component (AddParameter): Name = "Diode Type"; Value = "PIN"; VariantName = "[No Variations]"
Add component (AddParameter): Name = "Manufacturer"; Value = "Osram Opto"; VariantName = "[No Variations]"
Add component (AddParameter): Name = "Manufacturer Part Number"; Value = "SFH 2704"; VariantName = "[No Variations]"
Add component (AddParameter): Name = "Max Operating Temperature"; Value = "85°C"; VariantName = "[No Variations]"
Add component (AddParameter): Name = "Max Reverse Voltage (DC)"; Value = "6V"; VariantName = "[No Variations]"
Add component (AddParameter): Name = "Min Operating Temperature"; Value = "-40°C"; VariantName = "[No Variations]"
Add component (AddParameter): Name = "Mounting Technology"; Value = "Surface Mount"; VariantName = "[No Variations]"
Add component (AddParameter): Name = "Packaging"; Value = "Cut Tape"; VariantName = "[No Variations]"
Add component (AddParameter): Name = "Pricing"; Value = "1=0.83, 10=0.576, 100=0.4218, 500=0.35302, 1000=0.33048 (USD)"; VariantName = "[No Variations]"
Add component (AddParameter): Name = "Response Time"; Value = "67ns"; VariantName = "[No Variations]"
Add component (AddParameter): Name = "RoHS"; Value = "Yes"; VariantName = "[No Variations]"
Add component (AddParameter): Name = "RoHS Compliant"; Value = "Yes"; VariantName = "[No Variations]"
Add component (AddParameter): Name = "Series"; Value = "CHipLED"; VariantName = "[No Variations]"
Add component (AddParameter): Name = "Stock"; Value = "4566"; VariantName = "[No Variations]"
Add component (AddParameter): Name = "Supplier"; Value = "Digikey"; VariantName = "[No Variations]"
Add component (AddParameter): Name = "Supplier Part Number"; Value = "475-SFH2704CT-ND"; VariantName = "[No Variations]"
Add component (AddParameter): Name = "Viewing Angle"; Value = "120°"; VariantName = "[No Variations]"
Add component (AddParameter): Name = "Wavelength"; Value = "900nm"; VariantName = "[No Variations]"
Added Component: Designator=D2(SFH 2716 A01)
Add component (AddParameter): Name = "Category"; Value = "Phototransistor"; VariantName = "[No Variations]"
Add component (AddParameter): Name = "Manufacturer"; Value = "Osram Opto"; VariantName = "[No Variations]"
Add component (AddParameter): Name = "Manufacturer Part Number"; Value = "SFH 2716 A01"; VariantName = "[No Variations]"
Add component (AddParameter): Name = "Pricing"; Value = "1=1.01, 10=0.615, 100=0.4162, 500=0.33804, 1000=0.31406 (USD)"; VariantName = "[No Variations]"
Add component (AddParameter): Name = "RoHS"; Value = "Yes"; VariantName = "[No Variations]"
Add component (AddParameter): Name = "Stock"; Value = "7067"; VariantName = "[No Variations]"
Add component (AddParameter): Name = "Supplier"; Value = "DigiKey"; VariantName = "[No Variations]"
Add component (AddParameter): Name = "Supplier 1"; Value = "Digikey"; VariantName = "[No Variations]"
Add component (AddParameter): Name = "Supplier Part Number"; Value = "475-SFH2716A01CT-ND"; VariantName = "[No Variations]"
Add component (AddParameter): Name = "Supplier Part Number 1"; Value = "475-SFH2716A01DKR-ND"; VariantName = "[No Variations]"
Added Component: Designator=D3(SFH 2716 A01)
Add component (AddParameter): Name = "Category"; Value = "Phototransistor"; VariantName = "[No Variations]"
Add component (AddParameter): Name = "Manufacturer"; Value = "Osram Opto"; VariantName = "[No Variations]"
Add component (AddParameter): Name = "Manufacturer Part Number"; Value = "SFH 2716 A01"; VariantName = "[No Variations]"
Add component (AddParameter): Name = "Pricing"; Value = "1=1.01, 10=0.615, 100=0.4162, 500=0.33804, 1000=0.31406 (USD)"; VariantName = "[No Variations]"
Add component (AddParameter): Name = "RoHS"; Value = "Yes"; VariantName = "[No Variations]"
Add component (AddParameter): Name = "Stock"; Value = "7067"; VariantName = "[No Variations]"
Add component (AddParameter): Name = "Supplier"; Value = "DigiKey"; VariantName = "[No Variations]"
Add component (AddParameter): Name = "Supplier 1"; Value = "Digikey"; VariantName = "[No Variations]"
Add component (AddParameter): Name = "Supplier Part Number"; Value = "475-SFH2716A01CT-ND"; VariantName = "[No Variations]"
Add component (AddParameter): Name = "Supplier Part Number 1"; Value = "475-SFH2716A01DKR-ND"; VariantName = "[No Variations]"
Add Pin To Net: Unknown Pin: Pin C3-1
Add Pin To Net: Unknown Pin: Pin C3-2
Add Pin To Net: Unknown Pin: Pin C10-1
Add Pin To Net: Unknown Pin: Pin C10-2
Add Pin To Net: Unknown Pin: Pin C14-1
Add Pin To Net: Unknown Pin: Pin C14-2
Added Pin To Net: NetName=PDC Pin=D1-1
Added Pin To Net: NetName=PD1 Pin=D1-2
Add Pin To Net: Unknown Pin: Pin D2-26
Add Pin To Net: Unknown Pin: Pin D2-27
Add Pin To Net: Unknown Pin: Pin D3-26
Add Pin To Net: Unknown Pin: Pin D3-27
Add Class Member: Failed to add class member : Component C3 Capacitor
Add Class Member: Failed to add class member : Component C10 Capacitor
Add Class Member: Failed to add class member : Component C14 Capacitor
Added Member To Class: ClassName=PPG Member=Component D1 SFH 2704
Added Member To Class: ClassName=PPG Member=Component D2 SFH 2716 A01
Added Member To Class: ClassName=PPG Member=Component D3 SFH 2716 A01
